{"/mobile-apps/Genesis/src/components/Initial/Initial.tsx": {"path":"/mobile-apps/Genesis/src/components/Initial/Initial.tsx","statementMap":{"0":{"start":{"line":13,"column":4},"end":{"line":13,"column":28}},"1":{"start":{"line":17,"column":31},"end":{"line":17,"column":41}},"2":{"start":{"line":19,"column":18},"end":{"line":19,"column":58}},"3":{"start":{"line":21,"column":4},"end":{"line":29,"column":5}},"4":{"start":{"line":23,"column":6},"end":{"line":23,"column":27}},"5":{"start":{"line":25,"column":6},"end":{"line":25,"column":24}},"6":{"start":{"line":27,"column":6},"end":{"line":27,"column":38}},"7":{"start":{"line":28,"column":6},"end":{"line":28,"column":13}},"8":{"start":{"line":31,"column":4},"end":{"line":31,"column":38}},"9":{"start":{"line":35,"column":4},"end":{"line":39,"column":5}},"10":{"start":{"line":43,"column":15},"end":{"line":49,"column":2}}},"fnMap":{"0":{"name":"(anonymous_0)","decl":{"start":{"line":12,"column":2},"end":{"line":12,"column":3}},"loc":{"start":{"line":12,"column":22},"end":{"line":14,"column":3}},"line":12},"1":{"name":"(anonymous_1)","decl":{"start":{"line":16,"column":2},"end":{"line":16,"column":3}},"loc":{"start":{"line":16,"column":27},"end":{"line":32,"column":3}},"line":16},"2":{"name":"(anonymous_2)","decl":{"start":{"line":34,"column":2},"end":{"line":34,"column":3}},"loc":{"start":{"line":34,"column":10},"end":{"line":40,"column":3}},"line":34}},"branchMap":{"0":{"loc":{"start":{"line":21,"column":4},"end":{"line":29,"column":5}},"type":"if","locations":[{"start":{"line":21,"column":4},"end":{"line":29,"column":5}},{"start":{"line":21,"column":4},"end":{"line":29,"column":5}}],"line":21},"1":{"loc":{"start":{"line":21,"column":7},"end":{"line":21,"column":29}},"type":"binary-expr","locations":[{"start":{"line":21,"column":7},"end":{"line":21,"column":12}},{"start":{"line":21,"column":16},"end":{"line":21,"column":29}}],"line":21}},"s":{"0":1,"1":1,"2":1,"3":0,"4":0,"5":0,"6":0,"7":0,"8":0,"9":1,"10":1},"f":{"0":1,"1":1,"2":1},"b":{"0":[0,0],"1":[0,0]},"_coverageSchema":"43e27e138ebf9cfc5966b082cf9a028302ed4184","hash":"dbef8827b25f0144fdb8e4d35c6234ab0ebc7c7b"}
,"/mobile-apps/Genesis/src/components/Spinner/Spinner.tsx": {"path":"/mobile-apps/Genesis/src/components/Spinner/Spinner.tsx","statementMap":{"0":{"start":{"line":9,"column":46},"end":{"line":20,"column":1}},"1":{"start":{"line":10,"column":2},"end":{"line":19,"column":3}}},"fnMap":{"0":{"name":"(anonymous_0)","decl":{"start":{"line":9,"column":46},"end":{"line":9,"column":47}},"loc":{"start":{"line":9,"column":80},"end":{"line":20,"column":1}},"line":9}},"branchMap":{"0":{"loc":{"start":{"line":17,"column":12},"end":{"line":17,"column":27}},"type":"binary-expr","locations":[{"start":{"line":17,"column":12},"end":{"line":17,"column":16}},{"start":{"line":17,"column":20},"end":{"line":17,"column":27}}],"line":17}},"s":{"0":2,"1":3},"f":{"0":3},"b":{"0":[3,2]},"_coverageSchema":"43e27e138ebf9cfc5966b082cf9a028302ed4184","hash":"b82d357a235e5ffa9bb517921b73640a3787b24f"}
,"/mobile-apps/Genesis/src/configs/app.ts": {"path":"/mobile-apps/Genesis/src/configs/app.ts","statementMap":{"0":{"start":{"line":8,"column":30},"end":{"line":8,"column":47}},"1":{"start":{"line":16,"column":21},"end":{"line":16,"column":28}},"2":{"start":{"line":23,"column":23},"end":{"line":27,"column":1}},"3":{"start":{"line":34,"column":26},"end":{"line":34,"column":29}}},"fnMap":{},"branchMap":{"0":{"loc":{"start":{"line":8,"column":30},"end":{"line":8,"column":47}},"type":"cond-expr","locations":[{"start":{"line":8,"column":40},"end":{"line":8,"column":42}},{"start":{"line":8,"column":45},"end":{"line":8,"column":47}}],"line":8},"1":{"loc":{"start":{"line":24,"column":2},"end":{"line":26,"column":40}},"type":"cond-expr","locations":[{"start":{"line":25,"column":6},"end":{"line":25,"column":40}},{"start":{"line":26,"column":6},"end":{"line":26,"column":40}}],"line":24}},"s":{"0":1,"1":1,"2":1,"3":1},"f":{},"b":{"0":[1,0],"1":[1,0]},"_coverageSchema":"43e27e138ebf9cfc5966b082cf9a028302ed4184","hash":"f98e1b7162163c40d16d60b170444c151b48193b"}
,"/mobile-apps/Genesis/src/configs/async.ts": {"path":"/mobile-apps/Genesis/src/configs/async.ts","statementMap":{"0":{"start":{"line":6,"column":26},"end":{"line":6,"column":39}}},"fnMap":{},"branchMap":{},"s":{"0":1},"f":{},"b":{},"_coverageSchema":"43e27e138ebf9cfc5966b082cf9a028302ed4184","hash":"7e211dcae3b781d0bb957d3717e488ea3dfe45d2"}
,"/mobile-apps/Genesis/src/configs/colors.ts": {"path":"/mobile-apps/Genesis/src/configs/colors.ts","statementMap":{},"fnMap":{},"branchMap":{},"s":{},"f":{},"b":{},"_coverageSchema":"43e27e138ebf9cfc5966b082cf9a028302ed4184","hash":"ee62e9a832d5d9717e9b8ade291b355765b1b2ae"}
,"/mobile-apps/Genesis/src/contexts/AuthContext.tsx": {"path":"/mobile-apps/Genesis/src/contexts/AuthContext.tsx","statementMap":{"0":{"start":{"line":8,"column":27},"end":{"line":11,"column":2}},"1":{"start":{"line":13,"column":35},"end":{"line":13,"column":55}},"2":{"start":{"line":15,"column":35},"end":{"line":15,"column":55}},"3":{"start":{"line":17,"column":31},"end":{"line":25,"column":1}},"4":{"start":{"line":18,"column":2},"end":{"line":24,"column":3}},"5":{"start":{"line":19,"column":3},"end":{"line":23,"column":4}},"6":{"start":{"line":21,"column":16},"end":{"line":21,"column":52}}},"fnMap":{"0":{"name":"(anonymous_0)","decl":{"start":{"line":17,"column":31},"end":{"line":17,"column":32}},"loc":{"start":{"line":17,"column":66},"end":{"line":25,"column":1}},"line":17},"1":{"name":"BoundComponent","decl":{"start":{"line":18,"column":18},"end":{"line":18,"column":32}},"loc":{"start":{"line":18,"column":52},"end":{"line":24,"column":3}},"line":18},"2":{"name":"(anonymous_2)","decl":{"start":{"line":21,"column":7},"end":{"line":21,"column":8}},"loc":{"start":{"line":21,"column":16},"end":{"line":21,"column":52}},"line":21}},"branchMap":{"0":{"loc":{"start":{"line":18,"column":33},"end":{"line":18,"column":50}},"type":"default-arg","locations":[{"start":{"line":18,"column":48},"end":{"line":18,"column":50}}],"line":18}},"s":{"0":1,"1":1,"2":1,"3":1,"4":1,"5":0,"6":0},"f":{"0":1,"1":0,"2":0},"b":{"0":[0]},"_coverageSchema":"43e27e138ebf9cfc5966b082cf9a028302ed4184","hash":"4aaf725f32c3bd6da95f5df6a4fdbe17a8f1110a"}
,"/mobile-apps/Genesis/src/modules/Async.ts": {"path":"/mobile-apps/Genesis/src/modules/Async.ts","statementMap":{"0":{"start":{"line":11,"column":26},"end":{"line":13,"column":1}},"1":{"start":{"line":12,"column":2},"end":{"line":12,"column":70}},"2":{"start":{"line":20,"column":24},"end":{"line":29,"column":1}},"3":{"start":{"line":22,"column":13},"end":{"line":22,"column":57}},"4":{"start":{"line":24,"column":2},"end":{"line":26,"column":3}},"5":{"start":{"line":25,"column":4},"end":{"line":25,"column":26}},"6":{"start":{"line":28,"column":2},"end":{"line":28,"column":14}},"7":{"start":{"line":36,"column":27},"end":{"line":38,"column":1}},"8":{"start":{"line":37,"column":2},"end":{"line":37,"column":57}}},"fnMap":{"0":{"name":"(anonymous_0)","decl":{"start":{"line":11,"column":26},"end":{"line":11,"column":27}},"loc":{"start":{"line":11,"column":77},"end":{"line":13,"column":1}},"line":11},"1":{"name":"(anonymous_1)","decl":{"start":{"line":20,"column":24},"end":{"line":20,"column":25}},"loc":{"start":{"line":20,"column":64},"end":{"line":29,"column":1}},"line":20},"2":{"name":"(anonymous_2)","decl":{"start":{"line":36,"column":27},"end":{"line":36,"column":28}},"loc":{"start":{"line":36,"column":67},"end":{"line":38,"column":1}},"line":36}},"branchMap":{"0":{"loc":{"start":{"line":24,"column":2},"end":{"line":26,"column":3}},"type":"if","locations":[{"start":{"line":24,"column":2},"end":{"line":26,"column":3}},{"start":{"line":24,"column":2},"end":{"line":26,"column":3}}],"line":24},"1":{"loc":{"start":{"line":24,"column":6},"end":{"line":24,"column":41}},"type":"binary-expr","locations":[{"start":{"line":24,"column":6},"end":{"line":24,"column":24}},{"start":{"line":24,"column":28},"end":{"line":24,"column":41}}],"line":24}},"s":{"0":1,"1":0,"2":1,"3":1,"4":0,"5":0,"6":0,"7":1,"8":0},"f":{"0":0,"1":1,"2":0},"b":{"0":[0,0],"1":[0,0]},"_coverageSchema":"43e27e138ebf9cfc5966b082cf9a028302ed4184","hash":"7cc0a33c894517a84e1b728a5e90a99ea4419fac"}
,"/mobile-apps/Genesis/src/modules/Encryption.ts": {"path":"/mobile-apps/Genesis/src/modules/Encryption.ts","statementMap":{"0":{"start":{"line":2,"column":17},"end":{"line":2,"column":37}},"1":{"start":{"line":3,"column":12},"end":{"line":3,"column":36}},"2":{"start":{"line":4,"column":17},"end":{"line":4,"column":46}},"3":{"start":{"line":11,"column":24},"end":{"line":17,"column":1}},"4":{"start":{"line":12,"column":14},"end":{"line":12,"column":28}},"5":{"start":{"line":13,"column":13},"end":{"line":13,"column":39}},"6":{"start":{"line":14,"column":2},"end":{"line":16,"column":16}},"7":{"start":{"line":24,"column":24},"end":{"line":32,"column":1}},"8":{"start":{"line":25,"column":14},"end":{"line":25,"column":28}},"9":{"start":{"line":26,"column":13},"end":{"line":26,"column":39}},"10":{"start":{"line":27,"column":2},"end":{"line":31,"column":4}}},"fnMap":{"0":{"name":"(anonymous_0)","decl":{"start":{"line":11,"column":24},"end":{"line":11,"column":25}},"loc":{"start":{"line":11,"column":45},"end":{"line":17,"column":1}},"line":11},"1":{"name":"(anonymous_1)","decl":{"start":{"line":24,"column":24},"end":{"line":24,"column":25}},"loc":{"start":{"line":24,"column":45},"end":{"line":32,"column":1}},"line":24}},"branchMap":{},"s":{"0":1,"1":1,"2":1,"3":1,"4":0,"5":0,"6":0,"7":1,"8":0,"9":0,"10":0},"f":{"0":0,"1":0},"b":{},"_coverageSchema":"43e27e138ebf9cfc5966b082cf9a028302ed4184","hash":"a13e24e6198599fc786cd2f806dbb4631e9d8a61"}
,"/mobile-apps/Genesis/src/modules/Misc.ts": {"path":"/mobile-apps/Genesis/src/modules/Misc.ts","statementMap":{"0":{"start":{"line":8,"column":21},"end":{"line":15,"column":1}},"1":{"start":{"line":9,"column":2},"end":{"line":14,"column":3}},"2":{"start":{"line":10,"column":15},"end":{"line":13,"column":5}},"3":{"start":{"line":11,"column":12},"end":{"line":11,"column":21}},"4":{"start":{"line":24,"column":25},"end":{"line":32,"column":1}},"5":{"start":{"line":26,"column":2},"end":{"line":26,"column":42}},"6":{"start":{"line":27,"column":2},"end":{"line":29,"column":3}},"7":{"start":{"line":28,"column":4},"end":{"line":28,"column":40}},"8":{"start":{"line":31,"column":2},"end":{"line":31,"column":16}},"9":{"start":{"line":39,"column":24},"end":{"line":44,"column":1}},"10":{"start":{"line":41,"column":2},"end":{"line":41,"column":26}},"11":{"start":{"line":43,"column":2},"end":{"line":43,"column":54}},"12":{"start":{"line":52,"column":29},"end":{"line":55,"column":1}},"13":{"start":{"line":54,"column":2},"end":{"line":54,"column":65}}},"fnMap":{"0":{"name":"(anonymous_0)","decl":{"start":{"line":8,"column":21},"end":{"line":8,"column":22}},"loc":{"start":{"line":8,"column":62},"end":{"line":15,"column":1}},"line":8},"1":{"name":"(anonymous_1)","decl":{"start":{"line":10,"column":4},"end":{"line":10,"column":5}},"loc":{"start":{"line":10,"column":15},"end":{"line":13,"column":5}},"line":10},"2":{"name":"(anonymous_2)","decl":{"start":{"line":11,"column":6},"end":{"line":11,"column":7}},"loc":{"start":{"line":11,"column":12},"end":{"line":11,"column":21}},"line":11},"3":{"name":"(anonymous_3)","decl":{"start":{"line":24,"column":25},"end":{"line":24,"column":26}},"loc":{"start":{"line":24,"column":95},"end":{"line":32,"column":1}},"line":24},"4":{"name":"(anonymous_4)","decl":{"start":{"line":39,"column":24},"end":{"line":39,"column":25}},"loc":{"start":{"line":39,"column":50},"end":{"line":44,"column":1}},"line":39},"5":{"name":"(anonymous_5)","decl":{"start":{"line":52,"column":29},"end":{"line":52,"column":30}},"loc":{"start":{"line":52,"column":88},"end":{"line":55,"column":1}},"line":52}},"branchMap":{"0":{"loc":{"start":{"line":8,"column":22},"end":{"line":8,"column":43}},"type":"default-arg","locations":[{"start":{"line":8,"column":40},"end":{"line":8,"column":43}}],"line":8},"1":{"loc":{"start":{"line":24,"column":48},"end":{"line":24,"column":68}},"type":"default-arg","locations":[{"start":{"line":24,"column":67},"end":{"line":24,"column":68}}],"line":24},"2":{"loc":{"start":{"line":27,"column":2},"end":{"line":29,"column":3}},"type":"if","locations":[{"start":{"line":27,"column":2},"end":{"line":29,"column":3}},{"start":{"line":27,"column":2},"end":{"line":29,"column":3}}],"line":27},"3":{"loc":{"start":{"line":52,"column":52},"end":{"line":52,"column":76}},"type":"default-arg","locations":[{"start":{"line":52,"column":66},"end":{"line":52,"column":76}}],"line":52}},"s":{"0":1,"1":0,"2":0,"3":0,"4":1,"5":0,"6":0,"7":0,"8":0,"9":1,"10":0,"11":0,"12":1,"13":0},"f":{"0":0,"1":0,"2":0,"3":0,"4":0,"5":0},"b":{"0":[0],"1":[0],"2":[0,0],"3":[0]},"_coverageSchema":"43e27e138ebf9cfc5966b082cf9a028302ed4184","hash":"0698118bb89354845c9abbff08fd652257fc55a0"}
}
