TN:
SF:/mobile-apps/Genesis/src/components/Initial/Initial.tsx
FN:12,(anonymous_0)
FN:16,(anonymous_1)
FN:34,(anonymous_2)
FNF:3
FNH:3
FNDA:1,(anonymous_0)
FNDA:1,(anonymous_1)
FNDA:1,(anonymous_2)
DA:13,1
DA:17,1
DA:19,1
DA:21,0
DA:23,0
DA:25,0
DA:27,0
DA:28,0
DA:31,0
DA:35,1
DA:43,1
LF:11
LH:5
BRDA:21,0,0,0
BRDA:21,0,1,0
BRDA:21,1,0,0
BRDA:21,1,1,0
BRF:4
BRH:0
end_of_record
TN:
SF:/mobile-apps/Genesis/src/components/Spinner/Spinner.tsx
FN:9,(anonymous_0)
FNF:1
FNH:1
FNDA:3,(anonymous_0)
DA:9,2
DA:10,3
LF:2
LH:2
BRDA:17,0,0,3
BRDA:17,0,1,2
BRF:2
BRH:2
end_of_record
TN:
SF:/mobile-apps/Genesis/src/configs/app.ts
FNF:0
FNH:0
DA:8,1
DA:16,1
DA:23,1
DA:34,1
LF:4
LH:4
BRDA:8,0,0,1
BRDA:8,0,1,0
BRDA:24,1,0,1
BRDA:24,1,1,0
BRF:4
BRH:2
end_of_record
TN:
SF:/mobile-apps/Genesis/src/configs/async.ts
FNF:0
FNH:0
DA:6,1
LF:1
LH:1
BRF:0
BRH:0
end_of_record
TN:
SF:/mobile-apps/Genesis/src/configs/colors.ts
FNF:0
FNH:0
LF:0
LH:0
BRF:0
BRH:0
end_of_record
TN:
SF:/mobile-apps/Genesis/src/contexts/AuthContext.tsx
FN:17,(anonymous_0)
FN:18,BoundComponent
FN:21,(anonymous_2)
FNF:3
FNH:1
FNDA:1,(anonymous_0)
FNDA:0,BoundComponent
FNDA:0,(anonymous_2)
DA:8,1
DA:13,1
DA:15,1
DA:17,1
DA:18,1
DA:19,0
DA:21,0
LF:7
LH:5
BRDA:18,0,0,0
BRF:1
BRH:0
end_of_record
TN:
SF:/mobile-apps/Genesis/src/modules/Async.ts
FN:11,(anonymous_0)
FN:20,(anonymous_1)
FN:36,(anonymous_2)
FNF:3
FNH:1
FNDA:0,(anonymous_0)
FNDA:1,(anonymous_1)
FNDA:0,(anonymous_2)
DA:11,1
DA:12,0
DA:20,1
DA:22,1
DA:24,0
DA:25,0
DA:28,0
DA:36,1
DA:37,0
LF:9
LH:4
BRDA:24,0,0,0
BRDA:24,0,1,0
BRDA:24,1,0,0
BRDA:24,1,1,0
BRF:4
BRH:0
end_of_record
TN:
SF:/mobile-apps/Genesis/src/modules/Encryption.ts
FN:11,(anonymous_0)
FN:24,(anonymous_1)
FNF:2
FNH:0
FNDA:0,(anonymous_0)
FNDA:0,(anonymous_1)
DA:2,1
DA:3,1
DA:4,1
DA:11,1
DA:12,0
DA:13,0
DA:14,0
DA:24,1
DA:25,0
DA:26,0
DA:27,0
LF:11
LH:5
BRF:0
BRH:0
end_of_record
TN:
SF:/mobile-apps/Genesis/src/modules/Misc.ts
FN:8,(anonymous_0)
FN:10,(anonymous_1)
FN:11,(anonymous_2)
FN:24,(anonymous_3)
FN:39,(anonymous_4)
FN:52,(anonymous_5)
FNF:6
FNH:0
FNDA:0,(anonymous_0)
FNDA:0,(anonymous_1)
FNDA:0,(anonymous_2)
FNDA:0,(anonymous_3)
FNDA:0,(anonymous_4)
FNDA:0,(anonymous_5)
DA:8,1
DA:9,0
DA:10,0
DA:11,0
DA:24,1
DA:26,0
DA:27,0
DA:28,0
DA:31,0
DA:39,1
DA:41,0
DA:43,0
DA:52,1
DA:54,0
LF:14
LH:4
BRDA:8,0,0,0
BRDA:24,1,0,0
BRDA:27,2,0,0
BRDA:27,2,1,0
BRDA:52,3,0,0
BRF:5
BRH:0
end_of_record
